{
  "stats": {
    "suites": 2,
    "tests": 4,
    "passes": 4,
    "pending": 0,
    "failures": 0,
    "start": "2025-04-07T14:13:49.519Z",
    "end": "2025-04-07T14:13:59.723Z",
    "duration": 10204,
    "testsRegistered": 4,
    "passPercent": 100,
    "pendingPercent": 0,
    "other": 0,
    "hasOther": false,
    "skipped": 0,
    "hasSkipped": false
  },
  "results": [
    {
      "uuid": "1826ef6a-e12a-48fb-b6cb-4b1782d4c0cc",
      "title": "",
      "fullFile": "cypress\\e2e\\1-getting-started\\prueba.cy.js",
      "file": "cypress\\e2e\\1-getting-started\\prueba.cy.js",
      "beforeHooks": [],
      "afterHooks": [],
      "tests": [],
      "suites": [
        {
          "uuid": "76aaa923-13ab-4e7b-b26b-83731548a372",
          "title": "Validacion de Login",
          "fullFile": "",
          "file": "",
          "beforeHooks": [],
          "afterHooks": [],
          "tests": [
            {
              "title": "verificar url e ingresar de manera exitosa",
              "fullTitle": "Validacion de Login verificar url e ingresar de manera exitosa",
              "timedOut": null,
              "duration": 3626,
              "state": "passed",
              "speed": "fast",
              "pass": true,
              "fail": false,
              "pending": false,
              "context": null,
              "code": "cy.get('#user-name').type(Cypress.env('USERNAME'));\ncy.get('#password').type(Cypress.env('PASSWORD'));\ncy.get(\"#login-button\").click();\ncy.get('[data-test=\"title\"]').should(\"contain.text\", \"Products\");",
              "err": {},
              "uuid": "27f441bc-49bd-496f-bdef-10c621cf6f48",
              "parentUUID": "76aaa923-13ab-4e7b-b26b-83731548a372",
              "isHook": false,
              "skipped": false
            },
            {
              "title": "verificar url e ingresar de manerra fallida",
              "fullTitle": "Validacion de Login verificar url e ingresar de manerra fallida",
              "timedOut": null,
              "duration": 953,
              "state": "passed",
              "speed": "fast",
              "pass": true,
              "fail": false,
              "pending": false,
              "context": null,
              "code": "cy.url().should('not.include', '/inventory.html');\ncy.get('#user-name').type(\"usuaur\");\ncy.get('#password').type(\"1234\");\ncy.get(\"#login-button\").click();\ncy.get('[data-test=\"error\"]').should(\"contain.text\", \"Epic sadface: Username and password do not match any user in this service\");",
              "err": {},
              "uuid": "32ce18cb-ccbf-4227-88f4-ac1c4bab77d4",
              "parentUUID": "76aaa923-13ab-4e7b-b26b-83731548a372",
              "isHook": false,
              "skipped": false
            }
          ],
          "suites": [],
          "passes": [
            "27f441bc-49bd-496f-bdef-10c621cf6f48",
            "32ce18cb-ccbf-4227-88f4-ac1c4bab77d4"
          ],
          "failures": [],
          "pending": [],
          "skipped": [],
          "duration": 4579,
          "root": false,
          "rootEmpty": false,
          "_timeout": 2000
        },
        {
          "uuid": "3af4b46c-39f2-4641-9b64-a6a5e871669e",
          "title": "Verificacion del flujo de compra",
          "fullFile": "",
          "file": "",
          "beforeHooks": [],
          "afterHooks": [],
          "tests": [
            {
              "title": "Agregar tres productos al carrito",
              "fullTitle": "Verificacion del flujo de compra Agregar tres productos al carrito",
              "timedOut": null,
              "duration": 1675,
              "state": "passed",
              "speed": "fast",
              "pass": true,
              "fail": false,
              "pending": false,
              "context": null,
              "code": "// Agregar productos\ncy.get('.inventory_item').first().find('button').contains('Add to cart').click();\ncy.get('[data-test=\"add-to-cart-sauce-labs-bike-light\"]').click();\ncy.get('.inventory_item').eq(4).find('button').contains('Add to cart').click();\n//se valida que el carrito contenga los 3 productos y se valida que estemos en la pagina\ncy.get('.shopping_cart_badge').should(\"contain\", \"3\").click();",
              "err": {},
              "uuid": "3966b7d4-a8bf-4760-a452-55370fb3a2ae",
              "parentUUID": "3af4b46c-39f2-4641-9b64-a6a5e871669e",
              "isHook": false,
              "skipped": false
            },
            {
              "title": "Completar proceso de compra y logout",
              "fullTitle": "Verificacion del flujo de compra Completar proceso de compra y logout",
              "timedOut": null,
              "duration": 3685,
              "state": "passed",
              "speed": "fast",
              "pass": true,
              "fail": false,
              "pending": false,
              "context": null,
              "code": "cy.get('.inventory_item').first().find('button').contains('Add to cart').click();\ncy.get('[data-test=\"add-to-cart-sauce-labs-bike-light\"]').click();\ncy.get('.inventory_item').eq(4).find('button').contains('Add to cart').click();\ncy.get('.shopping_cart_badge').should(\"contain\", \"3\").click();\n//Se remueve y se valida el objeto eliminado y se continua con elflujode compra\ncy.get('.cart_item').first().find('button').contains('Remove').click();\ncy.get('[data-test=\"shopping-cart-link\"]').should(\"contain\", \"2\");\n// Ir al carrito\ncy.get('.shopping_cart_link').click();\ncy.url().should('include', '/cart.html');\n// Checkout\ncy.get('#checkout').click();\ncy.url().should('include', '/checkout-step-one.html');\n// Datos de envío del cliente y continuar\ncy.get('#first-name').type(\"Jhon Eduard\");\ncy.get('#last-name').type(\"Agudelo\");\ncy.get('#postal-code').type(\"34rt3\");\ncy.get('#continue').click();\n// Verificar resumen    \ncy.url().should('include', '/checkout-step-two.html');\ncy.get('.summary_info').should('be.visible');\n//Visualizacion de mensaje de exito y logout\ncy.get('[data-test=\"finish\"]').click();\ncy.get(\"h2\").should(\"contain.text\", \"Thank you for your order!\");\n//Validacion de log out\ncy.get(\"#react-burger-menu-btn\").click().should(\"be.visible\");\ncy.get('[data-test=\"logout-sidebar-link\"]').click();",
              "err": {},
              "uuid": "1a2d88ad-691d-415a-bd46-ebbef3f6abaa",
              "parentUUID": "3af4b46c-39f2-4641-9b64-a6a5e871669e",
              "isHook": false,
              "skipped": false
            }
          ],
          "suites": [],
          "passes": [
            "3966b7d4-a8bf-4760-a452-55370fb3a2ae",
            "1a2d88ad-691d-415a-bd46-ebbef3f6abaa"
          ],
          "failures": [],
          "pending": [],
          "skipped": [],
          "duration": 5360,
          "root": false,
          "rootEmpty": false,
          "_timeout": 2000
        }
      ],
      "passes": [],
      "failures": [],
      "pending": [],
      "skipped": [],
      "duration": 0,
      "root": true,
      "rootEmpty": true,
      "_timeout": 2000
    }
  ],
  "meta": {
    "mocha": {
      "version": "7.0.1"
    },
    "mochawesome": {
      "options": {
        "quiet": false,
        "reportFilename": "mochawesome",
        "saveHtml": true,
        "saveJson": true,
        "consoleReporter": "spec",
        "useInlineDiffs": false,
        "code": true
      },
      "version": "7.1.3"
    },
    "marge": {
      "options": {
        "reportDir": "cypress/reports",
        "overwrite": false,
        "html": true,
        "json": true,
        "timestamp": "mmddyyyy_HHMMss",
        "screenshots": true,
        "embedScreenshots": true
      },
      "version": "6.2.0"
    }
  }
}